2021-03-26 15:51:55,374:INFO:Initializing load_model()
2021-03-26 15:51:55,374:INFO:load_model(verbose=True, authentication=None, platform=None, model_name=sampleapp)
2021-03-26 15:51:59,206:INFO:Initializing load_model()
2021-03-26 15:51:59,206:INFO:load_model(verbose=True, authentication=None, platform=None, model_name=sampleapp)
2021-03-26 15:53:52,435:INFO:Initializing predict_model()
2021-03-26 15:53:52,435:INFO:predict_model(display=None, ml_usecase=MLUsecase.REGRESSION, verbose=True, round=0, raw_score=False, encoded_labels=True, probability_threshold=None, estimator=Pipeline(steps=[('dtypes',
                 DataTypes_Auto_infer(id_columns=['Number ID'],
                                      ml_usecase='regression', target='CPL')),
                ('imputer',
                 Simple_Imputer(categorical_strategy='not_available',
                                fill_value_categorical=None,
                                fill_value_numerical=None,
                                numeric_strategy='mean',
                                target_variable=None)),
                ('new_levels1',
                 New_Catagorical_Levels_in_TestData(replacement_strategy='leas...
                ('fix_perfect', Remove_100(target='CPL')),
                ('clean_names', Clean_Colum_Names()),
                ('feature_select', 'passthrough'), ('fix_multi', 'passthrough'),
                ('dfs', 'passthrough'), ('pca', 'passthrough'),
                ['trained_model',
                 RandomForestRegressor(max_depth=10, max_features=1.0,
                                       min_impurity_decrease=0.0002,
                                       min_samples_leaf=2, min_samples_split=9,
                                       n_estimators=110, n_jobs=-1,
                                       random_state=3246)]]))
2021-03-26 15:53:52,436:INFO:Checking exceptions
2021-03-26 15:53:52,436:INFO:Preloading libraries
2021-03-26 16:03:56,552:INFO:Initializing predict_model()
2021-03-26 16:03:56,552:INFO:predict_model(display=None, ml_usecase=MLUsecase.REGRESSION, verbose=True, round=0, raw_score=False, encoded_labels=True, probability_threshold=None, estimator=Pipeline(steps=[('dtypes',
                 DataTypes_Auto_infer(id_columns=['Number ID'],
                                      ml_usecase='regression', target='CPL')),
                ('imputer',
                 Simple_Imputer(categorical_strategy='not_available',
                                fill_value_categorical=None,
                                fill_value_numerical=None,
                                numeric_strategy='mean',
                                target_variable=None)),
                ('new_levels1',
                 New_Catagorical_Levels_in_TestData(replacement_strategy='leas...
                ('fix_perfect', Remove_100(target='CPL')),
                ('clean_names', Clean_Colum_Names()),
                ('feature_select', 'passthrough'), ('fix_multi', 'passthrough'),
                ('dfs', 'passthrough'), ('pca', 'passthrough'),
                ['trained_model',
                 RandomForestRegressor(max_depth=10, max_features=1.0,
                                       min_impurity_decrease=0.0002,
                                       min_samples_leaf=2, min_samples_split=9,
                                       n_estimators=110, n_jobs=-1,
                                       random_state=3246)]]))
2021-03-26 16:03:56,552:INFO:Checking exceptions
2021-03-26 16:03:56,552:INFO:Preloading libraries
2021-03-29 11:07:38,943:INFO:Initializing load_model()
2021-03-29 11:07:38,947:INFO:load_model(verbose=True, authentication=None, platform=None, model_name=sampleapp)
2021-03-29 11:07:43,014:INFO:Initializing load_model()
2021-03-29 11:07:43,016:INFO:load_model(verbose=True, authentication=None, platform=None, model_name=sampleapp)
2021-03-29 11:39:14,366:INFO:Initializing predict_model()
2021-03-29 11:39:14,367:INFO:predict_model(display=None, ml_usecase=MLUsecase.REGRESSION, verbose=True, round=0, raw_score=False, encoded_labels=True, probability_threshold=None, estimator=Pipeline(steps=[('dtypes',
                 DataTypes_Auto_infer(id_columns=['Number ID'],
                                      ml_usecase='regression', target='CPL')),
                ('imputer',
                 Simple_Imputer(categorical_strategy='not_available',
                                fill_value_categorical=None,
                                fill_value_numerical=None,
                                numeric_strategy='mean',
                                target_variable=None)),
                ('new_levels1',
                 New_Catagorical_Levels_in_TestData(replacement_strategy='leas...
                ('fix_perfect', Remove_100(target='CPL')),
                ('clean_names', Clean_Colum_Names()),
                ('feature_select', 'passthrough'), ('fix_multi', 'passthrough'),
                ('dfs', 'passthrough'), ('pca', 'passthrough'),
                ['trained_model',
                 RandomForestRegressor(max_depth=10, max_features=1.0,
                                       min_impurity_decrease=0.0002,
                                       min_samples_leaf=2, min_samples_split=9,
                                       n_estimators=110, n_jobs=-1,
                                       random_state=3246)]]))
2021-03-29 11:39:14,367:INFO:Checking exceptions
2021-03-29 11:39:14,367:INFO:Preloading libraries
2021-03-29 11:39:43,209:INFO:Initializing predict_model()
2021-03-29 11:39:43,209:INFO:predict_model(display=None, ml_usecase=MLUsecase.REGRESSION, verbose=True, round=0, raw_score=False, encoded_labels=True, probability_threshold=None, estimator=Pipeline(steps=[('dtypes',
                 DataTypes_Auto_infer(id_columns=['Number ID'],
                                      ml_usecase='regression', target='CPL')),
                ('imputer',
                 Simple_Imputer(categorical_strategy='not_available',
                                fill_value_categorical=None,
                                fill_value_numerical=None,
                                numeric_strategy='mean',
                                target_variable=None)),
                ('new_levels1',
                 New_Catagorical_Levels_in_TestData(replacement_strategy='leas...
                ('fix_perfect', Remove_100(target='CPL')),
                ('clean_names', Clean_Colum_Names()),
                ('feature_select', 'passthrough'), ('fix_multi', 'passthrough'),
                ('dfs', 'passthrough'), ('pca', 'passthrough'),
                ['trained_model',
                 RandomForestRegressor(max_depth=10, max_features=1.0,
                                       min_impurity_decrease=0.0002,
                                       min_samples_leaf=2, min_samples_split=9,
                                       n_estimators=110, n_jobs=-1,
                                       random_state=3246)]]))
2021-03-29 11:39:43,209:INFO:Checking exceptions
2021-03-29 11:39:43,209:INFO:Preloading libraries
2021-03-29 11:43:47,097:INFO:Initializing predict_model()
2021-03-29 11:43:47,097:INFO:predict_model(display=None, ml_usecase=MLUsecase.REGRESSION, verbose=True, round=0, raw_score=False, encoded_labels=True, probability_threshold=None, estimator=Pipeline(steps=[('dtypes',
                 DataTypes_Auto_infer(id_columns=['Number ID'],
                                      ml_usecase='regression', target='CPL')),
                ('imputer',
                 Simple_Imputer(categorical_strategy='not_available',
                                fill_value_categorical=None,
                                fill_value_numerical=None,
                                numeric_strategy='mean',
                                target_variable=None)),
                ('new_levels1',
                 New_Catagorical_Levels_in_TestData(replacement_strategy='leas...
                ('fix_perfect', Remove_100(target='CPL')),
                ('clean_names', Clean_Colum_Names()),
                ('feature_select', 'passthrough'), ('fix_multi', 'passthrough'),
                ('dfs', 'passthrough'), ('pca', 'passthrough'),
                ['trained_model',
                 RandomForestRegressor(max_depth=10, max_features=1.0,
                                       min_impurity_decrease=0.0002,
                                       min_samples_leaf=2, min_samples_split=9,
                                       n_estimators=110, n_jobs=-1,
                                       random_state=3246)]]))
2021-03-29 11:43:47,097:INFO:Checking exceptions
2021-03-29 11:43:47,097:INFO:Preloading libraries
2021-03-29 11:44:43,941:INFO:Initializing predict_model()
2021-03-29 11:44:43,941:INFO:predict_model(display=None, ml_usecase=MLUsecase.REGRESSION, verbose=True, round=0, raw_score=False, encoded_labels=True, probability_threshold=None, estimator=Pipeline(steps=[('dtypes',
                 DataTypes_Auto_infer(id_columns=['Number ID'],
                                      ml_usecase='regression', target='CPL')),
                ('imputer',
                 Simple_Imputer(categorical_strategy='not_available',
                                fill_value_categorical=None,
                                fill_value_numerical=None,
                                numeric_strategy='mean',
                                target_variable=None)),
                ('new_levels1',
                 New_Catagorical_Levels_in_TestData(replacement_strategy='leas...
                ('fix_perfect', Remove_100(target='CPL')),
                ('clean_names', Clean_Colum_Names()),
                ('feature_select', 'passthrough'), ('fix_multi', 'passthrough'),
                ('dfs', 'passthrough'), ('pca', 'passthrough'),
                ['trained_model',
                 RandomForestRegressor(max_depth=10, max_features=1.0,
                                       min_impurity_decrease=0.0002,
                                       min_samples_leaf=2, min_samples_split=9,
                                       n_estimators=110, n_jobs=-1,
                                       random_state=3246)]]))
2021-03-29 11:44:43,941:INFO:Checking exceptions
2021-03-29 11:44:43,941:INFO:Preloading libraries
2021-03-29 12:08:46,390:INFO:Initializing load_model()
2021-03-29 12:08:46,390:INFO:load_model(verbose=True, authentication=None, platform=None, model_name=sampleapp)
2021-03-29 12:08:50,137:INFO:Initializing load_model()
2021-03-29 12:08:50,137:INFO:load_model(verbose=True, authentication=None, platform=None, model_name=sampleapp)
2021-03-29 12:09:41,740:INFO:Initializing predict_model()
2021-03-29 12:09:41,740:INFO:predict_model(display=None, ml_usecase=MLUsecase.REGRESSION, verbose=True, round=0, raw_score=False, encoded_labels=True, probability_threshold=None, estimator=Pipeline(steps=[('dtypes',
                 DataTypes_Auto_infer(id_columns=['Number ID'],
                                      ml_usecase='regression', target='CPL')),
                ('imputer',
                 Simple_Imputer(categorical_strategy='not_available',
                                fill_value_categorical=None,
                                fill_value_numerical=None,
                                numeric_strategy='mean',
                                target_variable=None)),
                ('new_levels1',
                 New_Catagorical_Levels_in_TestData(replacement_strategy='leas...
                ('rem_outliers', 'passthrough'), ('cluster_all', 'passthrough'),
                ('dummy', Dummify(target='CPL')),
                ('fix_perfect', Remove_100(target='CPL')),
                ('clean_names', Clean_Colum_Names()),
                ('feature_select', 'passthrough'), ('fix_multi', 'passthrough'),
                ('dfs', 'passthrough'), ('pca', 'passthrough'),
                ['trained_model',
                 OrthogonalMatchingPursuit(n_nonzero_coefs=2,
                                           normalize=False)]]))
2021-03-29 12:09:41,740:INFO:Checking exceptions
2021-03-29 12:09:41,740:INFO:Preloading libraries
2021-03-29 12:10:49,449:INFO:Initializing predict_model()
2021-03-29 12:10:49,449:INFO:predict_model(display=None, ml_usecase=MLUsecase.REGRESSION, verbose=True, round=0, raw_score=False, encoded_labels=True, probability_threshold=None, estimator=Pipeline(steps=[('dtypes',
                 DataTypes_Auto_infer(id_columns=['Number ID'],
                                      ml_usecase='regression', target='CPL')),
                ('imputer',
                 Simple_Imputer(categorical_strategy='not_available',
                                fill_value_categorical=None,
                                fill_value_numerical=None,
                                numeric_strategy='mean',
                                target_variable=None)),
                ('new_levels1',
                 New_Catagorical_Levels_in_TestData(replacement_strategy='leas...
                ('rem_outliers', 'passthrough'), ('cluster_all', 'passthrough'),
                ('dummy', Dummify(target='CPL')),
                ('fix_perfect', Remove_100(target='CPL')),
                ('clean_names', Clean_Colum_Names()),
                ('feature_select', 'passthrough'), ('fix_multi', 'passthrough'),
                ('dfs', 'passthrough'), ('pca', 'passthrough'),
                ['trained_model',
                 OrthogonalMatchingPursuit(n_nonzero_coefs=2,
                                           normalize=False)]]))
2021-03-29 12:10:49,449:INFO:Checking exceptions
2021-03-29 12:10:49,450:INFO:Preloading libraries
